#
# There is insufficient memory for the Java Runtime Environment to continue.
# Native memory allocation (mmap) failed to map 123731968 bytes for G1 virtual space
# Possible reasons:
#   The system is out of physical RAM or swap space
#   The process is running with CompressedOops enabled, and the Java Heap may be blocking the growth of the native heap
# Possible solutions:
#   Reduce memory load on the system
#   Increase physical memory or swap space
#   Check if swap backing store is full
#   Decrease Java heap size (-Xmx/-Xms)
#   Decrease number of Java threads
#   Decrease Java thread stack sizes (-Xss)
#   Set larger code cache with -XX:ReservedCodeCacheSize=
#   JVM is running with Unscaled Compressed Oops mode in which the Java heap is
#     placed in the first 4GB address space. The Java Heap base address is the
#     maximum limit for the native heap growth. Please use -XX:HeapBaseMinAddress
#     to set the Java Heap base and to place the Java Heap above 4GB virtual address.
# This output file may be truncated or incomplete.
#
#  Out of Memory Error (os_windows.cpp:3541), pid=24228, tid=26676
#
# JRE version:  (17.0.5+9) (build )
# Java VM: Java HotSpot(TM) 64-Bit Server VM (17.0.5+9-LTS-191, mixed mode, sharing, tiered, compressed oops, compressed class ptrs, g1 gc, windows-amd64)
# No core dump will be written. Minidumps are not enabled by default on client versions of Windows
#

---------------  S U M M A R Y ------------

Command Line: -Dfile.encoding=UTF-8 --module-path=D:\SMQA PROJECT\Mobile Bank Management\build\classes MobileBankManagement.SignUpOne

Host: AMD Ryzen 5 4600H with Radeon Graphics         , 12 cores, 7G,  Windows 10 , 64 bit Build 19041 (10.0.19041.2251)
Time: Sat Nov 26 20:36:59 2022 GMT Standard Time elapsed time: 0.022226 seconds (0d 0h 0m 0s)

---------------  T H R E A D  ---------------

Current thread (0x000002604dddc980):  JavaThread "Unknown thread" [_thread_in_vm, id=26676, stack(0x000000f904c00000,0x000000f904d00000)]

Stack: [0x000000f904c00000,0x000000f904d00000]
Native frames: (J=compiled Java code, j=interpreted, Vv=VM code, C=native code)
V  [jvm.dll+0x672eea]
V  [jvm.dll+0x7d2a04]
V  [jvm.dll+0x7d41ae]
V  [jvm.dll+0x7d4813]
V  [jvm.dll+0x242c15]
V  [jvm.dll+0x66fe09]
V  [jvm.dll+0x664682]
V  [jvm.dll+0x300e8b]
V  [jvm.dll+0x308426]
V  [jvm.dll+0x357ffe]
V  [jvm.dll+0x35822f]
V  [jvm.dll+0x2d80a8]
V  [jvm.dll+0x2d9014]
V  [jvm.dll+0x7a44e1]
V  [jvm.dll+0x365df1]
V  [jvm.dll+0x7838fc]
V  [jvm.dll+0x3e873f]
V  [jvm.dll+0x3ea1e1]
C  [jli.dll+0x527b]
C  [ucrtbase.dll+0x21bb2]
C  [KERNEL32.DLL+0x174b4]
C  [ntdll.dll+0x526a1]


---------------  P R O C E S S  ---------------

Threads class SMR info:
_java_thread_list=0x00007ff9ae66a8d8, length=0, elements={
}

Java Threads: ( => current thread )

Other Threads:
  0x000002604de334b0 GCTaskThread "GC Thread#0" [stack: 0x000000f904d00000,0x000000f904e00000] [id=12112]
  0x000002604de43ed0 ConcurrentGCThread "G1 Main Marker" [stack: 0x000000f904e00000,0x000000f904f00000] [id=23412]
  0x000002604de447f0 ConcurrentGCThread "G1 Conc#0" [stack: 0x000000f904f00000,0x000000f905000000] [id=27564]

[error occurred during error reporting (printing all threads), id 0xc0000005, EXCEPTION_ACCESS_VIOLATION (0xc0000005) at pc=0x00007ff9adeb8a97]

VM state: not at safepoint (not fully initialized)

VM Mutex/Monitor currently owned by a thread:  ([mutex/lock_event])
[0x000002604ddd8f10] Heap_lock - owner thread: 0x000002604dddc980

Heap address: 0x000000008a200000, size: 1886 MB, Compressed Oops mode: 32-bit

CDS archive(s) mapped at: [0x0000000000000000-0x0000000000000000-0x0000000000000000), size 0, SharedBaseAddress: 0x0000000800000000, ArchiveRelocationMode: 0.
Narrow klass base: 0x0000000000000000, Narrow klass shift: 0, Narrow klass range: 0x0

GC Precious Log:
<Empty>

Heap:
 garbage-first heap   total 0K, used 0K [0x000000008a200000, 0x0000000100000000)
  region size 1024K, 0 young (0K), 0 survivors (0K)

[error occurred during error reporting (printing heap information), id 0xc0000005, EXCEPTION_ACCESS_VIOLATION (0xc0000005) at pc=0x00007ff9ae29c399]

GC Heap History (0 events):
No events

Deoptimization events (0 events):
No events

Classes unloaded (0 events):
No events

Classes redefined (0 events):
No events

Internal exceptions (0 events):
No events

VM Operations (0 events):
No events

Events (1 events):
Event: 0.012 Loaded shared library C:\Program Files\Java\jdk-17.0.5\bin\java.dll


Dynamic libraries:
0x00007ff6dcc20000 - 0x00007ff6dcc30000 	C:\Program Files\Java\jdk-17.0.5\bin\java.exe
0x00007ffa40670000 - 0x00007ffa40868000 	C:\windows\SYSTEM32\ntdll.dll
0x00007ffa3e750000 - 0x00007ffa3e80f000 	C:\windows\System32\KERNEL32.DLL
0x00007ffa3e0d0000 - 0x00007ffa3e3a2000 	C:\windows\System32\KERNELBASE.dll
0x00007ffa3dfd0000 - 0x00007ffa3e0d0000 	C:\windows\System32\ucrtbase.dll
0x00007ffa23520000 - 0x00007ffa2353a000 	C:\Program Files\Java\jdk-17.0.5\bin\VCRUNTIME140.dll
0x00007ffa239b0000 - 0x00007ffa239c8000 	C:\Program Files\Java\jdk-17.0.5\bin\jli.dll
0x00007ffa40270000 - 0x00007ffa4031e000 	C:\windows\System32\ADVAPI32.dll
0x00007ffa3e970000 - 0x00007ffa3ea0e000 	C:\windows\System32\msvcrt.dll
0x00007ffa40460000 - 0x00007ffa404fc000 	C:\windows\System32\sechost.dll
0x00007ffa3f400000 - 0x00007ffa3f525000 	C:\windows\System32\RPCRT4.dll
0x00007ffa3f630000 - 0x00007ffa3f7cd000 	C:\windows\System32\USER32.dll
0x00007ffa1ff20000 - 0x00007ffa201ba000 	C:\windows\WinSxS\amd64_microsoft.windows.common-controls_6595b64144ccf1df_6.0.19041.1110_none_60b5254171f9507e\COMCTL32.dll
0x00007ffa3dd70000 - 0x00007ffa3dd92000 	C:\windows\System32\win32u.dll
0x00007ffa3ec00000 - 0x00007ffa3ec2b000 	C:\windows\System32\GDI32.dll
0x00007ffa3e510000 - 0x00007ffa3e61f000 	C:\windows\System32\gdi32full.dll
0x00007ffa3e620000 - 0x00007ffa3e6bd000 	C:\windows\System32\msvcp_win.dll
0x00007ffa37320000 - 0x00007ffa3732a000 	C:\windows\SYSTEM32\VERSION.dll
0x00007ffa3ebc0000 - 0x00007ffa3ebf2000 	C:\windows\System32\IMM32.DLL
0x00007ffa23510000 - 0x00007ffa2351c000 	C:\Program Files\Java\jdk-17.0.5\bin\vcruntime140_1.dll
0x00007ff9ffe20000 - 0x00007ff9ffead000 	C:\Program Files\Java\jdk-17.0.5\bin\msvcp140.dll
0x00007ff9adbd0000 - 0x00007ff9ae792000 	C:\Program Files\Java\jdk-17.0.5\bin\server\jvm.dll
0x00007ffa40320000 - 0x00007ffa40328000 	C:\windows\System32\PSAPI.DLL
0x00007ffa382d0000 - 0x00007ffa382d9000 	C:\windows\SYSTEM32\WSOCK32.dll
0x00007ffa40060000 - 0x00007ffa400cb000 	C:\windows\System32\WS2_32.dll
0x00007ffa2ad70000 - 0x00007ffa2ad97000 	C:\windows\SYSTEM32\WINMM.dll
0x00007ffa3bc30000 - 0x00007ffa3bc42000 	C:\windows\SYSTEM32\kernel.appcore.dll
0x00007ffa23500000 - 0x00007ffa2350a000 	C:\Program Files\Java\jdk-17.0.5\bin\jimage.dll
0x00007ffa2e330000 - 0x00007ffa2e514000 	C:\windows\SYSTEM32\DBGHELP.DLL
0x00007ffa2d950000 - 0x00007ffa2d97c000 	C:\windows\SYSTEM32\dbgcore.DLL
0x00007ffa3dda0000 - 0x00007ffa3de22000 	C:\windows\System32\bcryptPrimitives.dll
0x00007ffa21280000 - 0x00007ffa212a5000 	C:\Program Files\Java\jdk-17.0.5\bin\java.dll

dbghelp: loaded successfully - version: 4.0.5 - missing functions: none
symbol engine: initialized successfully - sym options: 0x614 - pdb path: .;C:\Program Files\Java\jdk-17.0.5\bin;C:\windows\SYSTEM32;C:\windows\WinSxS\amd64_microsoft.windows.common-controls_6595b64144ccf1df_6.0.19041.1110_none_60b5254171f9507e;C:\Program Files\Java\jdk-17.0.5\bin\server

VM Arguments:
jvm_args: -Dfile.encoding=UTF-8 --module-path=D:\SMQA PROJECT\Mobile Bank Management\build\classes 
java_command: MobileBankManagement.SignUpOne
java_class_path (initial): D:\SMQA PROJECT\Mobile Bank Management\resources;D:\SMQA PROJECT\Mobile Bank Management\resources\jcalendar-1.4.jar;D:\SMQA PROJECT\Mobile Bank Management\build\classes
Launcher Type: SUN_STANDARD

[Global flags]
     intx CICompilerCount                          = 4                                         {product} {ergonomic}
     uint ConcGCThreads                            = 3                                         {product} {ergonomic}
     uint G1ConcRefinementThreads                  = 10                                        {product} {ergonomic}
   size_t G1HeapRegionSize                         = 1048576                                   {product} {ergonomic}
    uintx GCDrainStackTargetSize                   = 64                                        {product} {ergonomic}
   size_t InitialHeapSize                          = 123731968                                 {product} {ergonomic}
   size_t MarkStackSize                            = 4194304                                   {product} {ergonomic}
   size_t MaxHeapSize                              = 1977614336                                {product} {ergonomic}
   size_t MinHeapDeltaBytes                        = 1048576                                   {product} {ergonomic}
   size_t MinHeapSize                              = 8388608                                   {product} {ergonomic}
    uintx NonNMethodCodeHeapSize                   = 5839372                                {pd product} {ergonomic}
    uintx NonProfiledCodeHeapSize                  = 122909434                              {pd product} {ergonomic}
    uintx ProfiledCodeHeapSize                     = 122909434                              {pd product} {ergonomic}
    uintx ReservedCodeCacheSize                    = 251658240                              {pd product} {ergonomic}
     bool SegmentedCodeCache                       = true                                      {product} {ergonomic}
   size_t SoftMaxHeapSize                          = 1977614336                             {manageable} {ergonomic}
     bool UseCompressedClassPointers               = true                           {product lp64_product} {ergonomic}
     bool UseCompressedOops                        = true                           {product lp64_product} {ergonomic}
     bool UseG1GC                                  = true                                      {product} {ergonomic}
     bool UseLargePagesIndividualAllocation        = false                                  {pd product} {ergonomic}

Logging:
Log output configuration:
 #0: stdout all=warning uptime,level,tags
 #1: stderr all=off uptime,level,tags

Environment Variables:
PATH=C:\Program Files\Common Files\Oracle\Java\javapath;C:\windows\system32;C:\windows;C:\windows\System32\Wbem;C:\windows\System32\WindowsPowerShell\v1.0\;C:\windows\System32\OpenSSH\;C:\Program Files (x86)\NVIDIA Corporation\PhysX\Common;C:\Program Files\NVIDIA Corporation\NVIDIA NvDLISR;C:\Program Files\Git\cmd;C:\Program Files\nodejs\;C:\MinGW\bin;C:\Program Files\dotnet\;C:\Program Files\Java\jdk-17.0.5\bin;C:\Program Files\MySQL\MySQL Shell 8.0\bin\;C:\Users\krunal\AppData\Local\Programs\Python\Python310\Scripts\;C:\Users\krunal\AppData\Local\Programs\Python\Python310\;C:\Users\krunal\AppData\Local\Microsoft\WindowsApps;C:\Users\krunal\AppData\Local\Programs\Microsoft VS Code\bin;C:\Users\krunal\AppData\Roaming\npm;C:\Program Files\nodejs\;C:\MinGW\bin;C:\Program Files\Java\jdk-17.0.5\bin;
USERNAME=krunal
OS=Windows_NT
PROCESSOR_IDENTIFIER=AMD64 Family 23 Model 96 Stepping 1, AuthenticAMD



---------------  S Y S T E M  ---------------

OS:
 Windows 10 , 64 bit Build 19041 (10.0.19041.2251)
OS uptime: 16 days 3:09 hours

CPU: total 12 (initial active 12) (12 cores per cpu, 2 threads per core) family 23 model 96 stepping 1 microcode 0x0, cx8, cmov, fxsr, ht, mmx, 3dnowpref, sse, sse2, sse3, ssse3, sse4a, sse4.1, sse4.2, popcnt, lzcnt, tsc, tscinvbit, avx, avx2, aes, clmul, bmi1, bmi2, adx, sha, fma, vzeroupper, clflush, clflushopt

Memory: 4k page, system-wide physical 7541M (840M free)
TotalPageFile size 31093M (AvailPageFile size 36M)
current process WorkingSet (physical memory assigned to process): 10M, peak: 10M
current process commit charge ("private bytes"): 64M, peak: 182M

vm_info: Java HotSpot(TM) 64-Bit Server VM (17.0.5+9-LTS-191) for windows-amd64 JRE (17.0.5+9-LTS-191), built on Sep 13 2022 17:31:43 by "mach5one" with MS VC++ 16.8 / 16.9 (VS2019)

END.
